#
# There is insufficient memory for the Java Runtime Environment to continue.
# Native memory allocation (mmap) failed to map 536870912 bytes for G1 virtual space
# Possible reasons:
#   The system is out of physical RAM or swap space
#   The process is running with CompressedOops enabled, and the Java Heap may be blocking the growth of the native heap
# Possible solutions:
#   Reduce memory load on the system
#   Increase physical memory or swap space
#   Check if swap backing store is full
#   Decrease Java heap size (-Xmx/-Xms)
#   Decrease number of Java threads
#   Decrease Java thread stack sizes (-Xss)
#   Set larger code cache with -XX:ReservedCodeCacheSize=
#   JVM is running with Zero Based Compressed Oops mode in which the Java heap is
#     placed in the first 32GB address space. The Java Heap base address is the
#     maximum limit for the native heap growth. Please use -XX:HeapBaseMinAddress
#     to set the Java Heap base and to place the Java Heap above 32GB virtual address.
# This output file may be truncated or incomplete.
#
#  Out of Memory Error (os_windows.cpp:3747), pid=25544, tid=27608
#
# JRE version:  (17.0.3+7) (build )
# Java VM: OpenJDK 64-Bit Server VM (17.0.3+7-b469.37, mixed mode, sharing, tiered, compressed oops, compressed class ptrs, g1 gc, windows-amd64)
# No core dump will be written. Minidumps are not enabled by default on client versions of Windows
#

---------------  S U M M A R Y ------------

Command Line: externalApp.nativessh.NativeSshAskPassApp Enter passphrase for key '/c/Users/bauer/.ssh/id_rsa': 

Host: Intel(R) Core(TM) i7-7700HQ CPU @ 2.80GHz, 8 cores, 31G,  Windows 10 , 64 bit Build 19041 (10.0.19041.1889)
Time: Thu Oct 13 01:38:33 2022 Mitteleuropäische Sommerzeit elapsed time: 0.025694 seconds (0d 0h 0m 0s)

---------------  T H R E A D  ---------------

Current thread (0x0000014ba9bc53c0):  JavaThread "Unknown thread" [_thread_in_vm, id=27608, stack(0x0000002f04a00000,0x0000002f04b00000)]

Stack: [0x0000002f04a00000,0x0000002f04b00000]
Native frames: (J=compiled Java code, j=interpreted, Vv=VM code, C=native code)
V  [jvm.dll+0x681f8a]
V  [jvm.dll+0x83e374]
V  [jvm.dll+0x83fb1e]
V  [jvm.dll+0x840183]
V  [jvm.dll+0x2492a5]
V  [jvm.dll+0x67ee59]
V  [jvm.dll+0x67355a]
V  [jvm.dll+0x308fab]
V  [jvm.dll+0x310466]
V  [jvm.dll+0x3601de]
V  [jvm.dll+0x36040f]
V  [jvm.dll+0x2df098]
V  [jvm.dll+0x2e0004]
V  [jvm.dll+0x80fc61]
V  [jvm.dll+0x36df61]
V  [jvm.dll+0x7ef17c]
V  [jvm.dll+0x3f10ef]
V  [jvm.dll+0x3f2c31]
C  [jli.dll+0x526b]
C  [ucrtbase.dll+0x21bb2]
C  [KERNEL32.DLL+0x17034]
C  [ntdll.dll+0x526a1]


---------------  P R O C E S S  ---------------

Threads class SMR info:
_java_thread_list=0x00007ffb84b86f18, length=0, elements={
}

Java Threads: ( => current thread )

Other Threads:
  0x0000014ba9c724b0 GCTaskThread "GC Thread#0" [stack: 0x0000002f04b00000,0x0000002f04c00000] [id=24840]
  0x0000014ba9c83280 ConcurrentGCThread "G1 Main Marker" [stack: 0x0000002f04c00000,0x0000002f04d00000] [id=26412]
  0x0000014ba9c84430 ConcurrentGCThread "G1 Conc#0" [stack: 0x0000002f04d00000,0x0000002f04e00000] [id=5412]

[error occurred during error reporting (printing all threads), id 0xc0000005, EXCEPTION_ACCESS_VIOLATION (0xc0000005) at pc=0x00007ffb8433fc57]

VM state: not at safepoint (not fully initialized)

VM Mutex/Monitor currently owned by a thread:  ([mutex/lock_event])
[0x0000014ba9bc2890] Heap_lock - owner thread: 0x0000014ba9bc53c0

Heap address: 0x0000000602c00000, size: 8148 MB, Compressed Oops mode: Zero based, Oop shift amount: 3

CDS archive(s) mapped at: [0x0000000000000000-0x0000000000000000-0x0000000000000000), size 0, SharedBaseAddress: 0x0000000800000000, ArchiveRelocationMode: 0.
Narrow klass base: 0x0000000000000000, Narrow klass shift: 0, Narrow klass range: 0x0

GC Precious Log:
<Empty>

Heap:
 garbage-first heap   total 0K, used 0K [0x0000000602c00000, 0x0000000800000000)
  region size 4096K, 0 young (0K), 0 survivors (0K)

[error occurred during error reporting (printing heap information), id 0xc0000005, EXCEPTION_ACCESS_VIOLATION (0xc0000005) at pc=0x00007ffb8472bbd9]

GC Heap History (0 events):
No events

Deoptimization events (0 events):
No events

Classes unloaded (0 events):
No events

Classes redefined (0 events):
No events

Internal exceptions (0 events):
No events

VM Operations (0 events):
No events

Events (1 events):
Event: 0.008 Loaded shared library C:\Program Files\JetBrains\PhpStorm 2022.1.3\jbr\bin\java.dll


Dynamic libraries:
0x00007ff6d4b70000 - 0x00007ff6d4b7a000 	C:\Program Files\JetBrains\PhpStorm 2022.1.3\jbr\bin\java.exe
0x00007ffbde410000 - 0x00007ffbde608000 	C:\WINDOWS\SYSTEM32\ntdll.dll
0x00007ffbdd000000 - 0x00007ffbdd0bd000 	C:\WINDOWS\System32\KERNEL32.DLL
0x00007ffbdbd40000 - 0x00007ffbdc00e000 	C:\WINDOWS\System32\KERNELBASE.dll
0x00007ffbdc2b0000 - 0x00007ffbdc3b0000 	C:\WINDOWS\System32\ucrtbase.dll
0x00007ffbcc5b0000 - 0x00007ffbcc5c7000 	C:\Program Files\JetBrains\PhpStorm 2022.1.3\jbr\bin\jli.dll
0x00007ffbcc360000 - 0x00007ffbcc37b000 	C:\Program Files\JetBrains\PhpStorm 2022.1.3\jbr\bin\VCRUNTIME140.dll
0x00007ffbdc5f0000 - 0x00007ffbdc790000 	C:\WINDOWS\System32\USER32.dll
0x00007ffbdc0b0000 - 0x00007ffbdc0d2000 	C:\WINDOWS\System32\win32u.dll
0x00007ffbb6cc0000 - 0x00007ffbb6f5a000 	C:\WINDOWS\WinSxS\amd64_microsoft.windows.common-controls_6595b64144ccf1df_6.0.19041.1110_none_60b5254171f9507e\COMCTL32.dll
0x00007ffbdcea0000 - 0x00007ffbdceca000 	C:\WINDOWS\System32\GDI32.dll
0x00007ffbdcd90000 - 0x00007ffbdce2e000 	C:\WINDOWS\System32\msvcrt.dll
0x00007ffbdbbe0000 - 0x00007ffbdbceb000 	C:\WINDOWS\System32\gdi32full.dll
0x00007ffbdc010000 - 0x00007ffbdc0ad000 	C:\WINDOWS\System32\msvcp_win.dll
0x00007ffbdc530000 - 0x00007ffbdc560000 	C:\WINDOWS\System32\IMM32.DLL
0x00007ffbd5460000 - 0x00007ffbd546c000 	C:\Program Files\JetBrains\PhpStorm 2022.1.3\jbr\bin\vcruntime140_1.dll
0x00007ffbabc50000 - 0x00007ffbabcdd000 	C:\Program Files\JetBrains\PhpStorm 2022.1.3\jbr\bin\msvcp140.dll
0x00007ffb84050000 - 0x00007ffb84cb8000 	C:\Program Files\JetBrains\PhpStorm 2022.1.3\jbr\bin\server\jvm.dll
0x00007ffbdd1e0000 - 0x00007ffbdd28e000 	C:\WINDOWS\System32\ADVAPI32.dll
0x00007ffbdc470000 - 0x00007ffbdc50c000 	C:\WINDOWS\System32\sechost.dll
0x00007ffbdced0000 - 0x00007ffbdcff5000 	C:\WINDOWS\System32\RPCRT4.dll
0x00007ffbde1f0000 - 0x00007ffbde1f8000 	C:\WINDOWS\System32\PSAPI.DLL
0x00007ffbbf180000 - 0x00007ffbbf189000 	C:\WINDOWS\SYSTEM32\WSOCK32.dll
0x00007ffbdd170000 - 0x00007ffbdd1db000 	C:\WINDOWS\System32\WS2_32.dll
0x00007ffbbfe50000 - 0x00007ffbbfe77000 	C:\WINDOWS\SYSTEM32\WINMM.dll
0x00007ffbd5b60000 - 0x00007ffbd5b6a000 	C:\WINDOWS\SYSTEM32\VERSION.dll
0x00007ffbda260000 - 0x00007ffbda272000 	C:\WINDOWS\SYSTEM32\kernel.appcore.dll
0x00007ffbd89b0000 - 0x00007ffbd89ba000 	C:\Program Files\JetBrains\PhpStorm 2022.1.3\jbr\bin\jimage.dll
0x00007ffbd1970000 - 0x00007ffbd1b54000 	C:\WINDOWS\SYSTEM32\DBGHELP.DLL
0x00007ffbcfe20000 - 0x00007ffbcfe4c000 	C:\WINDOWS\SYSTEM32\dbgcore.DLL
0x00007ffbdc3e0000 - 0x00007ffbdc462000 	C:\WINDOWS\System32\bcryptPrimitives.dll
0x00007ffbd8500000 - 0x00007ffbd8525000 	C:\Program Files\JetBrains\PhpStorm 2022.1.3\jbr\bin\java.dll

dbghelp: loaded successfully - version: 4.0.5 - missing functions: none
symbol engine: initialized successfully - sym options: 0x614 - pdb path: .;C:\Program Files\JetBrains\PhpStorm 2022.1.3\jbr\bin;C:\WINDOWS\SYSTEM32;C:\WINDOWS\WinSxS\amd64_microsoft.windows.common-controls_6595b64144ccf1df_6.0.19041.1110_none_60b5254171f9507e;C:\Program Files\JetBrains\PhpStorm 2022.1.3\jbr\bin\server

VM Arguments:
java_command: externalApp.nativessh.NativeSshAskPassApp Enter passphrase for key '/c/Users/bauer/.ssh/id_rsa': 
java_class_path (initial): C:/Program Files/JetBrains/PhpStorm 2022.1.3/lib/externalProcess-rt.jar;C:/Program Files/JetBrains/PhpStorm 2022.1.3/lib/app.jar;C:/Program Files/JetBrains/PhpStorm 2022.1.3/lib/3rd-party-rt.jar
Launcher Type: SUN_STANDARD

[Global flags]
     intx CICompilerCount                          = 4                                         {product} {ergonomic}
     uint ConcGCThreads                            = 2                                         {product} {ergonomic}
     uint G1ConcRefinementThreads                  = 8                                         {product} {ergonomic}
   size_t G1HeapRegionSize                         = 4194304                                   {product} {ergonomic}
    uintx GCDrainStackTargetSize                   = 64                                        {product} {ergonomic}
   size_t InitialHeapSize                          = 536870912                                 {product} {ergonomic}
   size_t MarkStackSize                            = 4194304                                   {product} {ergonomic}
   size_t MaxHeapSize                              = 8543797248                                {product} {ergonomic}
   size_t MinHeapDeltaBytes                        = 4194304                                   {product} {ergonomic}
   size_t MinHeapSize                              = 8388608                                   {product} {ergonomic}
    uintx NonNMethodCodeHeapSize                   = 5839372                                {pd product} {ergonomic}
    uintx NonProfiledCodeHeapSize                  = 122909434                              {pd product} {ergonomic}
    uintx ProfiledCodeHeapSize                     = 122909434                              {pd product} {ergonomic}
    uintx ReservedCodeCacheSize                    = 251658240                              {pd product} {ergonomic}
     bool SegmentedCodeCache                       = true                                      {product} {ergonomic}
   size_t SoftMaxHeapSize                          = 8543797248                             {manageable} {ergonomic}
     bool UseCompressedClassPointers               = true                           {product lp64_product} {ergonomic}
     bool UseCompressedOops                        = true                           {product lp64_product} {ergonomic}
     bool UseG1GC                                  = true                                      {product} {ergonomic}
     bool UseLargePagesIndividualAllocation        = false                                  {pd product} {ergonomic}

Logging:
Log output configuration:
 #0: stdout all=warning uptime,level,tags
 #1: stderr all=off uptime,level,tags

Environment Variables:
PATH=C:\Program Files\Git\mingw64\libexec\git-core;C:\Program Files\Git\mingw64\bin;C:\Program Files\Git\usr\bin;C:\Users\bauer\bin;C:\Program Files (x86)\Common Files\Intel\Shared Libraries\redist\ia32\compiler;C:\Program Files (x86)\Common Files\Intel\Shared Libraries\redist\intel64\compiler;C:\Program Files (x86)\Microsoft SDKs\Azure\CLI2\wbin;C:\Program Files\Intel\iCLS Client;C:\WINDOWS\system32;C:\WINDOWS;C:\WINDOWS\System32\Wbem;C:\WINDOWS\System32\WindowsPowerShell\v1.0;C:\WINDOWS\System32\OpenSSH;C:\ProgramData\chocolatey\bin;C:\Users\MBauer\AppData\Local\Microsoft\WindowsApps;C:\Users\MBauer\AppData\Local\Programs\Microsoft VS Code\bin;C:\Program Files (x86)\Kubernetes\Minikube;C:\php\php-7.4.1-Win32-vc15-x64;C:\ProgramData\ComposerSetup\bin;C:\kompose\bin;C:\helm;C:\Program Files\dotnet;C:\Program Files\OpenVPN\bin;C:\WINDOWS\system32;C:\WINDOWS;C:\WINDOWS\System32\Wbem;C:\WINDOWS\System32\WindowsPowerShell\v1.0;C:\Program Files\Intel\WiFi\bin;C:\Program Files\Common Files\Intel\WirelessCommon;C:\Program Files\Microsoft VS Code\bin;C:\Program Files\nodejs;C:\Program Files\Git\cmd;C:\Program Files\Docker\Docker\resources\bin;C:\ProgramData\DockerDesktop\version-bin;C:\Program Files (x86)\Intel\Intel(R) Management Engine Components\DAL;C:\Program Files\Intel\Intel(R) Management Engine Components\DAL;D:\Go\bin;C:\Program Files\Microsoft SQL Server\150\Tools\Binn;C:\Users\bauer\AppData\Local\Microsoft\WindowsApps;C:\Program Files\Intel\WiFi\bin;C:\Program Files\Common Files\Intel\WirelessCommon;C:\Program Files\JetBrains\WebStorm 2019.3.1\bin;C:\Program Files\JetBrains\DataGrip 2019.3.1\bin;C:\Program Files\JetBrains\IntelliJ IDEA 2019.3.1\bin;C:\Users\bauer\AppData\Roaming\npm;C:\Program Files\JetBrains\PhpStorm 2020.3.2\bin;C:\Users\bauer\AppData\Local\Programs\Microsoft VS Code\bin;D:\JetBrains\GoLand 2022.1.1\bin;C:\Users\bauer\go\bin;C:\Users\bauer\.dotnet\tools;D:\JetBrains\JetBrains Gateway 222.2270.16\bin;C:\Users\bauer\AppData\Local\GitHubDesktop\bin;C:
USERNAME=bauer
DISPLAY=:0.0
LC_ALL=en_US.UTF-8
OS=Windows_NT
PROCESSOR_IDENTIFIER=Intel64 Family 6 Model 158 Stepping 9, GenuineIntel



---------------  S Y S T E M  ---------------

OS:
 Windows 10 , 64 bit Build 19041 (10.0.19041.1889)
OS uptime: 13 days 1:08 hours
Hyper-V role detected

CPU: total 8 (initial active 8) (4 cores per cpu, 2 threads per core) family 6 model 158 stepping 9 microcode 0xf0, cx8, cmov, fxsr, ht, mmx, 3dnowpref, sse, sse2, sse3, ssse3, sse4.1, sse4.2, popcnt, lzcnt, tsc, tscinvbit, avx, avx2, aes, erms, clmul, bmi1, bmi2, adx, fma, vzeroupper, clflush, clflushopt, hv

Memory: 4k page, system-wide physical 32585M (12228M free)
TotalPageFile size 36681M (AvailPageFile size 37M)
current process WorkingSet (physical memory assigned to process): 10M, peak: 10M
current process commit charge ("private bytes"): 60M, peak: 572M

vm_info: OpenJDK 64-Bit Server VM (17.0.3+7-b469.37) for windows-amd64 JRE (17.0.3+7-b469.37), built on 2022-08-01 by "builduser" with MS VC++ 16.10 / 16.11 (VS2019)

END.
